This is pdfTeX, Version 3.1415926-2.4-1.40.13 (TeX Live 2012/Debian) (format=pdflatex 2013.4.25)  20 NOV 2014 17:56
entering extended mode
 restricted \write18 enabled.
 %&-line parsing enabled.
**wineDetails.tex
(./wineDetails.tex
LaTeX2e <2011/06/27>
Babel <v3.8m> and hyphenation patterns for english, dumylang, nohyphenation, lo
aded.
(/usr/share/texlive/texmf-dist/tex/latex/base/article.cls
Document Class: article 2007/10/19 v1.4h Standard LaTeX document class
(/usr/share/texlive/texmf-dist/tex/latex/base/size11.clo
File: size11.clo 2007/10/19 v1.4h Standard LaTeX file (size option)
)
\c@part=\count79
\c@section=\count80
\c@subsection=\count81
\c@subsubsection=\count82
\c@paragraph=\count83
\c@subparagraph=\count84
\c@figure=\count85
\c@table=\count86
\abovecaptionskip=\skip41
\belowcaptionskip=\skip42
\bibindent=\dimen102
) (./matt.sty
Package: matt 

(/usr/share/texlive/texmf-dist/tex/latex/amsmath/amsmath.sty
Package: amsmath 2000/07/18 v2.13 AMS math features
\@mathmargin=\skip43

For additional information on amsmath, use the `?' option.
(/usr/share/texlive/texmf-dist/tex/latex/amsmath/amstext.sty
Package: amstext 2000/06/29 v2.01

(/usr/share/texlive/texmf-dist/tex/latex/amsmath/amsgen.sty
File: amsgen.sty 1999/11/30 v2.0
\@emptytoks=\toks14
\ex@=\dimen103
))
(/usr/share/texlive/texmf-dist/tex/latex/amsmath/amsbsy.sty
Package: amsbsy 1999/11/29 v1.2d
\pmbraise@=\dimen104
)
(/usr/share/texlive/texmf-dist/tex/latex/amsmath/amsopn.sty
Package: amsopn 1999/12/14 v2.01 operator names
)
\inf@bad=\count87
LaTeX Info: Redefining \frac on input line 211.
\uproot@=\count88
\leftroot@=\count89
LaTeX Info: Redefining \overline on input line 307.
\classnum@=\count90
\DOTSCASE@=\count91
LaTeX Info: Redefining \ldots on input line 379.
LaTeX Info: Redefining \dots on input line 382.
LaTeX Info: Redefining \cdots on input line 467.
\Mathstrutbox@=\box26
\strutbox@=\box27
\big@size=\dimen105
LaTeX Font Info:    Redeclaring font encoding OML on input line 567.
LaTeX Font Info:    Redeclaring font encoding OMS on input line 568.
\macc@depth=\count92
\c@MaxMatrixCols=\count93
\dotsspace@=\muskip10
\c@parentequation=\count94
\dspbrk@lvl=\count95
\tag@help=\toks15
\row@=\count96
\column@=\count97
\maxfields@=\count98
\andhelp@=\toks16
\eqnshift@=\dimen106
\alignsep@=\dimen107
\tagshift@=\dimen108
\tagwidth@=\dimen109
\totwidth@=\dimen110
\lineht@=\dimen111
\@envbody=\toks17
\multlinegap=\skip44
\multlinetaggap=\skip45
\mathdisplay@stack=\toks18
LaTeX Info: Redefining \[ on input line 2666.
LaTeX Info: Redefining \] on input line 2667.
)
(/usr/share/texlive/texmf-dist/tex/latex/amsfonts/amssymb.sty
Package: amssymb 2009/06/22 v3.00

(/usr/share/texlive/texmf-dist/tex/latex/amsfonts/amsfonts.sty
Package: amsfonts 2009/06/22 v3.00 Basic AMSFonts support
\symAMSa=\mathgroup4
\symAMSb=\mathgroup5
LaTeX Font Info:    Overwriting math alphabet `\mathfrak' in version `bold'
(Font)                  U/euf/m/n --> U/euf/b/n on input line 96.
))
(/usr/share/texlive/texmf-dist/tex/latex/preprint/fullpage.sty
Package: fullpage 1999/02/23 1.1 (PWD)
\FP@margin=\skip46
)
(/usr/share/texlive/texmf-dist/tex/latex/graphics/graphicx.sty
Package: graphicx 1999/02/16 v1.0f Enhanced LaTeX Graphics (DPC,SPQR)

(/usr/share/texlive/texmf-dist/tex/latex/graphics/keyval.sty
Package: keyval 1999/03/16 v1.13 key=value parser (DPC)
\KV@toks@=\toks19
)
(/usr/share/texlive/texmf-dist/tex/latex/graphics/graphics.sty
Package: graphics 2009/02/05 v1.0o Standard LaTeX Graphics (DPC,SPQR)

(/usr/share/texlive/texmf-dist/tex/latex/graphics/trig.sty
Package: trig 1999/03/16 v1.09 sin cos tan (DPC)
)
(/usr/share/texlive/texmf-dist/tex/latex/latexconfig/graphics.cfg
File: graphics.cfg 2010/04/23 v1.9 graphics configuration of TeX Live
)
Package graphics Info: Driver file: pdftex.def on input line 91.

(/usr/share/texlive/texmf-dist/tex/latex/pdftex-def/pdftex.def
File: pdftex.def 2011/05/27 v0.06d Graphics/color for pdfTeX

(/usr/share/texlive/texmf-dist/tex/generic/oberdiek/infwarerr.sty
Package: infwarerr 2010/04/08 v1.3 Providing info/warning/error messages (HO)
)
(/usr/share/texlive/texmf-dist/tex/generic/oberdiek/ltxcmds.sty
Package: ltxcmds 2011/11/09 v1.22 LaTeX kernel commands for general use (HO)
)
\Gread@gobject=\count99
))
\Gin@req@height=\dimen112
\Gin@req@width=\dimen113
)
(/usr/share/texlive/texmf-dist/tex/latex/tools/enumerate.sty
Package: enumerate 1999/03/05 v3.00 enumerate extensions (DPC)
\@enLab=\toks20
)
(/usr/share/texlive/texmf-dist/tex/latex/hyperref/hyperref.sty
Package: hyperref 2012/05/13 v6.82q Hypertext links for LaTeX

(/usr/share/texlive/texmf-dist/tex/generic/oberdiek/hobsub-hyperref.sty
Package: hobsub-hyperref 2012/05/28 v1.13 Bundle oberdiek, subset hyperref (HO)


(/usr/share/texlive/texmf-dist/tex/generic/oberdiek/hobsub-generic.sty
Package: hobsub-generic 2012/05/28 v1.13 Bundle oberdiek, subset generic (HO)
Package: hobsub 2012/05/28 v1.13 Construct package bundles (HO)
Package hobsub Info: Skipping package `infwarerr' (already loaded).
Package hobsub Info: Skipping package `ltxcmds' (already loaded).
Package: ifluatex 2010/03/01 v1.3 Provides the ifluatex switch (HO)
Package ifluatex Info: LuaTeX not detected.
Package: ifvtex 2010/03/01 v1.5 Detect VTeX and its facilities (HO)
Package ifvtex Info: VTeX not detected.
Package: intcalc 2007/09/27 v1.1 Expandable calculations with integers (HO)
Package: ifpdf 2011/01/30 v2.3 Provides the ifpdf switch (HO)
Package ifpdf Info: pdfTeX in PDF mode is detected.
Package: etexcmds 2011/02/16 v1.5 Avoid name clashes with e-TeX commands (HO)
Package etexcmds Info: Could not find \expanded.
(etexcmds)             That can mean that you are not using pdfTeX 1.50 or
(etexcmds)             that some package has redefined \expanded.
(etexcmds)             In the latter case, load this package earlier.
Package: kvsetkeys 2012/04/25 v1.16 Key value parser (HO)
Package: kvdefinekeys 2011/04/07 v1.3 Define keys (HO)
Package: pdftexcmds 2011/11/29 v0.20 Utility functions of pdfTeX for LuaTeX (HO
)
Package pdftexcmds Info: LuaTeX not detected.
Package pdftexcmds Info: \pdf@primitive is available.
Package pdftexcmds Info: \pdf@ifprimitive is available.
Package pdftexcmds Info: \pdfdraftmode found.
Package: pdfescape 2011/11/25 v1.13 Implements pdfTeX's escape features (HO)
Package: bigintcalc 2012/04/08 v1.3 Expandable calculations on big integers (HO
)
Package: bitset 2011/01/30 v1.1 Handle bit-vector datatype (HO)
Package: uniquecounter 2011/01/30 v1.2 Provide unlimited unique counter (HO)
)
Package hobsub Info: Skipping package `hobsub' (already loaded).
Package: letltxmacro 2010/09/02 v1.4 Let assignment for LaTeX macros (HO)
Package: hopatch 2012/05/28 v1.2 Wrapper for package hooks (HO)
Package: xcolor-patch 2011/01/30 xcolor patch
Package: atveryend 2011/06/30 v1.8 Hooks at the very end of document (HO)
Package atveryend Info: \enddocument detected (standard20110627).
Package: atbegshi 2011/10/05 v1.16 At begin shipout hook (HO)
Package: refcount 2011/10/16 v3.4 Data extraction from label references (HO)
Package: hycolor 2011/01/30 v1.7 Color options for hyperref/bookmark (HO)
)
(/usr/share/texlive/texmf-dist/tex/generic/ifxetex/ifxetex.sty
Package: ifxetex 2010/09/12 v0.6 Provides ifxetex conditional
)
(/usr/share/texlive/texmf-dist/tex/latex/oberdiek/kvoptions.sty
Package: kvoptions 2011/06/30 v3.11 Key value format for package options (HO)
)
\@linkdim=\dimen114
\Hy@linkcounter=\count100
\Hy@pagecounter=\count101

(/usr/share/texlive/texmf-dist/tex/latex/hyperref/pd1enc.def
File: pd1enc.def 2012/05/13 v6.82q Hyperref: PDFDocEncoding definition (HO)
)
\Hy@SavedSpaceFactor=\count102

(/usr/share/texlive/texmf-dist/tex/latex/latexconfig/hyperref.cfg
File: hyperref.cfg 2002/06/06 v1.2 hyperref configuration of TeXLive
)
Package hyperref Info: Hyper figures OFF on input line 4062.
Package hyperref Info: Link nesting OFF on input line 4067.
Package hyperref Info: Hyper index ON on input line 4070.
Package hyperref Info: Plain pages OFF on input line 4077.
Package hyperref Info: Backreferencing OFF on input line 4082.
Package hyperref Info: Implicit mode ON; LaTeX internals redefined.
Package hyperref Info: Bookmarks ON on input line 4300.
\c@Hy@tempcnt=\count103

(/usr/share/texlive/texmf-dist/tex/latex/url/url.sty
\Urlmuskip=\muskip11
Package: url 2006/04/12  ver 3.3  Verb mode for urls, etc.
)
LaTeX Info: Redefining \url on input line 4653.
\Fld@menulength=\count104
\Field@Width=\dimen115
\Fld@charsize=\dimen116
Package hyperref Info: Hyper figures OFF on input line 5773.
Package hyperref Info: Link nesting OFF on input line 5778.
Package hyperref Info: Hyper index ON on input line 5781.
Package hyperref Info: backreferencing OFF on input line 5788.
Package hyperref Info: Link coloring OFF on input line 5793.
Package hyperref Info: Link coloring with OCG OFF on input line 5798.
Package hyperref Info: PDF/A mode OFF on input line 5803.
LaTeX Info: Redefining \ref on input line 5843.
LaTeX Info: Redefining \pageref on input line 5847.
\Hy@abspage=\count105
\c@Item=\count106
\c@Hfootnote=\count107
)

Package hyperref Message: Driver (autodetected): hpdftex.

(/usr/share/texlive/texmf-dist/tex/latex/hyperref/hpdftex.def
File: hpdftex.def 2012/05/13 v6.82q Hyperref driver for pdfTeX
\Fld@listcount=\count108
\c@bookmark@seq@number=\count109

(/usr/share/texlive/texmf-dist/tex/latex/oberdiek/rerunfilecheck.sty
Package: rerunfilecheck 2011/04/15 v1.7 Rerun checks for auxiliary files (HO)
Package uniquecounter Info: New unique counter `rerunfilecheck' on input line 2
82.
)
\Hy@SectionHShift=\skip47
)
Package hyperref Info: Option `colorlinks' set `true' on input line 3.


Package hyperref Warning: Option `pdftex' has already been used,
(hyperref)                setting the option has no effect on input line 3.

) (./wineDetails.aux

LaTeX Warning: Label `fig:todo' multiply defined.


LaTeX Warning: Label `fig:todo' multiply defined.


LaTeX Warning: Label `fig:todo' multiply defined.

)
\openout1 = `wineDetails.aux'.

LaTeX Font Info:    Checking defaults for OML/cmm/m/it on input line 3.
LaTeX Font Info:    ... okay on input line 3.
LaTeX Font Info:    Checking defaults for T1/cmr/m/n on input line 3.
LaTeX Font Info:    ... okay on input line 3.
LaTeX Font Info:    Checking defaults for OT1/cmr/m/n on input line 3.
LaTeX Font Info:    ... okay on input line 3.
LaTeX Font Info:    Checking defaults for OMS/cmsy/m/n on input line 3.
LaTeX Font Info:    ... okay on input line 3.
LaTeX Font Info:    Checking defaults for OMX/cmex/m/n on input line 3.
LaTeX Font Info:    ... okay on input line 3.
LaTeX Font Info:    Checking defaults for U/cmr/m/n on input line 3.
LaTeX Font Info:    ... okay on input line 3.
LaTeX Font Info:    Checking defaults for PD1/pdf/m/n on input line 3.
LaTeX Font Info:    ... okay on input line 3.
 (/usr/share/texlive/texmf-dist/tex/context/base/supp-pdf.mkii
[Loading MPS to PDF converter (version 2006.09.02).]
\scratchcounter=\count110
\scratchdimen=\dimen117
\scratchbox=\box28
\nofMPsegments=\count111
\nofMParguments=\count112
\everyMPshowfont=\toks21
\MPscratchCnt=\count113
\MPscratchDim=\dimen118
\MPnumerator=\count114
\makeMPintoPDFobject=\count115
\everyMPtoPDFconversion=\toks22
) (/usr/share/texlive/texmf-dist/tex/latex/oberdiek/epstopdf-base.sty
Package: epstopdf-base 2010/02/09 v2.5 Base part for package epstopdf

(/usr/share/texlive/texmf-dist/tex/latex/oberdiek/grfext.sty
Package: grfext 2010/08/19 v1.1 Manage graphics extensions (HO)
)
Package grfext Info: Graphics extension search list:
(grfext)             [.png,.pdf,.jpg,.mps,.jpeg,.jbig2,.jb2,.PNG,.PDF,.JPG,.JPE
G,.JBIG2,.JB2,.eps]
(grfext)             \AppendGraphicsExtensions on input line 452.

(/usr/share/texlive/texmf-dist/tex/latex/latexconfig/epstopdf-sys.cfg
File: epstopdf-sys.cfg 2010/07/13 v1.3 Configuration of (r)epstopdf for TeX Liv
e
))
\AtBeginShipoutBox=\box29

(/usr/share/texlive/texmf-dist/tex/latex/graphics/color.sty
Package: color 2005/11/14 v1.0j Standard LaTeX Color (DPC)

(/usr/share/texlive/texmf-dist/tex/latex/latexconfig/color.cfg
File: color.cfg 2007/01/18 v1.5 color configuration of teTeX/TeXLive
)
Package color Info: Driver file: pdftex.def on input line 130.
)
Package hyperref Info: Link coloring ON on input line 3.

(/usr/share/texlive/texmf-dist/tex/latex/hyperref/nameref.sty
Package: nameref 2010/04/30 v2.40 Cross-referencing by name of section

(/usr/share/texlive/texmf-dist/tex/generic/oberdiek/gettitlestring.sty
Package: gettitlestring 2010/12/03 v1.4 Cleanup title references (HO)
)
\c@section@level=\count116
)
LaTeX Info: Redefining \ref on input line 3.
LaTeX Info: Redefining \pageref on input line 3.
LaTeX Info: Redefining \nameref on input line 3.

(./wineDetails.out) (./wineDetails.out)
\@outlinefile=\write3
\openout3 = `wineDetails.out'.


<firstConfusion.png, id=4, 732.7375pt x 463.7325pt>
File: firstConfusion.png Graphic file (type png)
 <use firstConfusion.png>
Package pdftex.def Info: firstConfusion.png used on input line 9.
(pdftex.def)             Requested size: 227.62204pt x 144.05276pt.

<ConfusionPostNormalization.png, id=6, 509.905pt x 241.90375pt>
File: ConfusionPostNormalization.png Graphic file (type png)

<use ConfusionPostNormalization.png>
Package pdftex.def Info: ConfusionPostNormalization.png used on input line 10.
(pdftex.def)             Requested size: 227.62204pt x 107.98825pt.

<VaryLhidden.png, id=7, 586.8324pt x 442.2924pt>
File: VaryLhidden.png Graphic file (type png)
 <use VaryLhidden.png>
Package pdftex.def Info: VaryLhidden.png used on input line 11.
(pdftex.def)             Requested size: 227.62204pt x 171.55525pt.

<RECtrain.png, id=8, 442.2924pt x 370.0224pt>
File: RECtrain.png Graphic file (type png)
 <use RECtrain.png>
Package pdftex.def Info: RECtrain.png used on input line 19.
(pdftex.def)             Requested size: 227.62204pt x 190.43097pt.

<Confusion_Final.png, id=9, 395.4775pt x 325.215pt>
File: Confusion_Final.png Graphic file (type png)
 <use Confusion_Final.png>
Package pdftex.def Info: Confusion_Final.png used on input line 20.
(pdftex.def)             Requested size: 227.62204pt x 187.18077pt.


LaTeX Warning: `h' float specifier changed to `ht'.

Package epstopdf Info: Source file: <fixed_acidity.eps>
(epstopdf)                    date: 2014-11-10 16:16:37
(epstopdf)                    size: 110867 bytes
(epstopdf)             Output file: <fixed_acidity-eps-converted-to.pdf>
(epstopdf)                    date: 2014-11-20 17:26:14
(epstopdf)                    size: 45885 bytes
(epstopdf)             Command: <repstopdf --outfile=fixed_acidity-eps-converte
d-to.pdf fixed_acidity.eps>
(epstopdf)             \includegraphics on input line 29.
Package epstopdf Info: Output file is already uptodate.
<fixed_acidity-eps-converted-to.pdf, id=10, 496.85625pt x 398.48875pt>
File: fixed_acidity-eps-converted-to.pdf Graphic file (type pdf)

<use fixed_acidity-eps-converted-to.pdf>
Package pdftex.def Info: fixed_acidity-eps-converted-to.pdf used on input line 
29.
(pdftex.def)             Requested size: 227.62204pt x 182.55916pt.
Package epstopdf Info: Source file: <volatile_acidity.eps>
(epstopdf)                    date: 2014-11-10 16:16:37
(epstopdf)                    size: 111051 bytes
(epstopdf)             Output file: <volatile_acidity-eps-converted-to.pdf>
(epstopdf)                    date: 2014-11-20 17:26:15
(epstopdf)                    size: 48072 bytes
(epstopdf)             Command: <repstopdf --outfile=volatile_acidity-eps-conve
rted-to.pdf volatile_acidity.eps>
(epstopdf)             \includegraphics on input line 30.
Package epstopdf Info: Output file is already uptodate.

<volatile_acidity-eps-converted-to.pdf, id=11, 498.86375pt x 398.48875pt>
File: volatile_acidity-eps-converted-to.pdf Graphic file (type pdf)

<use volatile_acidity-eps-converted-to.pdf>
Package pdftex.def Info: volatile_acidity-eps-converted-to.pdf used on input li
ne 30.
(pdftex.def)             Requested size: 227.62204pt x 181.82343pt.
Package epstopdf Info: Source file: <citric_acid.eps>
(epstopdf)                    date: 2014-11-10 16:16:37
(epstopdf)                    size: 111619 bytes
(epstopdf)             Output file: <citric_acid-eps-converted-to.pdf>
(epstopdf)                    date: 2014-11-20 17:26:16
(epstopdf)                    size: 46586 bytes
(epstopdf)             Command: <repstopdf --outfile=citric_acid-eps-converted-
to.pdf citric_acid.eps>
(epstopdf)             \includegraphics on input line 31.
Package epstopdf Info: Output file is already uptodate.

<citric_acid-eps-converted-to.pdf, id=12, 498.86375pt x 398.48875pt>
File: citric_acid-eps-converted-to.pdf Graphic file (type pdf)

<use citric_acid-eps-converted-to.pdf>
Package pdftex.def Info: citric_acid-eps-converted-to.pdf used on input line 31
.
(pdftex.def)             Requested size: 227.62204pt x 181.82343pt.
Package epstopdf Info: Source file: <residual_sugar.eps>
(epstopdf)                    date: 2014-11-10 16:16:37
(epstopdf)                    size: 111891 bytes
(epstopdf)             Output file: <residual_sugar-eps-converted-to.pdf>
(epstopdf)                    date: 2014-11-20 17:26:17
(epstopdf)                    size: 69649 bytes
(epstopdf)             Command: <repstopdf --outfile=residual_sugar-eps-convert
ed-to.pdf residual_sugar.eps>
(epstopdf)             \includegraphics on input line 32.
Package epstopdf Info: Output file is already uptodate.

<residual_sugar-eps-converted-to.pdf, id=13, 496.85625pt x 398.48875pt>
File: residual_sugar-eps-converted-to.pdf Graphic file (type pdf)

<use residual_sugar-eps-converted-to.pdf>
Package pdftex.def Info: residual_sugar-eps-converted-to.pdf used on input line
 32.
(pdftex.def)             Requested size: 227.62204pt x 182.55916pt.
Package epstopdf Info: Source file: <chlorides.eps>
(epstopdf)                    date: 2014-11-10 16:16:37
(epstopdf)                    size: 112993 bytes
(epstopdf)             Output file: <chlorides-eps-converted-to.pdf>
(epstopdf)                    date: 2014-11-20 17:26:17
(epstopdf)                    size: 51769 bytes
(epstopdf)             Command: <repstopdf --outfile=chlorides-eps-converted-to
.pdf chlorides.eps>
(epstopdf)             \includegraphics on input line 33.
Package epstopdf Info: Output file is already uptodate.

<chlorides-eps-converted-to.pdf, id=14, 502.87875pt x 398.48875pt>
File: chlorides-eps-converted-to.pdf Graphic file (type pdf)

<use chlorides-eps-converted-to.pdf>
Package pdftex.def Info: chlorides-eps-converted-to.pdf used on input line 33.
(pdftex.def)             Requested size: 227.62204pt x 180.3702pt.
Package epstopdf Info: Source file: <free_sulfur_dioxide.eps>
(epstopdf)                    date: 2014-11-10 16:16:37
(epstopdf)                    size: 111991 bytes
(epstopdf)             Output file: <free_sulfur_dioxide-eps-converted-to.pdf>
(epstopdf)                    date: 2014-11-20 17:26:18
(epstopdf)                    size: 57226 bytes
(epstopdf)             Command: <repstopdf --outfile=free_sulfur_dioxide-eps-co
nverted-to.pdf free_sulfur_dioxide.eps>
(epstopdf)             \includegraphics on input line 34.
Package epstopdf Info: Output file is already uptodate.

<free_sulfur_dioxide-eps-converted-to.pdf, id=15, 500.87125pt x 398.48875pt>
File: free_sulfur_dioxide-eps-converted-to.pdf Graphic file (type pdf)

<use free_sulfur_dioxide-eps-converted-to.pdf>
Package pdftex.def Info: free_sulfur_dioxide-eps-converted-to.pdf used on input
 line 34.
(pdftex.def)             Requested size: 227.62204pt x 181.09377pt.


LaTeX Warning: `h' float specifier changed to `ht'.

Package epstopdf Info: Source file: <total_sulfur_dioxide.eps>
(epstopdf)                    date: 2014-11-10 16:16:37
(epstopdf)                    size: 113616 bytes
(epstopdf)             Output file: <total_sulfur_dioxide-eps-converted-to.pdf>

(epstopdf)                    date: 2014-11-20 17:26:19
(epstopdf)                    size: 74869 bytes
(epstopdf)             Command: <repstopdf --outfile=total_sulfur_dioxide-eps-c
onverted-to.pdf total_sulfur_dioxide.eps>
(epstopdf)             \includegraphics on input line 42.
Package epstopdf Info: Output file is already uptodate.
<total_sulfur_dioxide-eps-converted-to.pdf, id=16, 500.87125pt x 398.48875pt>
File: total_sulfur_dioxide-eps-converted-to.pdf Graphic file (type pdf)

<use total_sulfur_dioxide-eps-converted-to.pdf>
Package pdftex.def Info: total_sulfur_dioxide-eps-converted-to.pdf used on inpu
t line 42.
(pdftex.def)             Requested size: 227.62204pt x 181.09377pt.
Package epstopdf Info: Source file: <density.eps>
(epstopdf)                    date: 2014-11-10 16:16:37
(epstopdf)                    size: 110783 bytes
(epstopdf)             Output file: <density-eps-converted-to.pdf>
(epstopdf)                    date: 2014-11-20 17:26:20
(epstopdf)                    size: 77938 bytes
(epstopdf)             Command: <repstopdf --outfile=density-eps-converted-to.p
df density.eps>
(epstopdf)             \includegraphics on input line 43.
Package epstopdf Info: Output file is already uptodate.

<density-eps-converted-to.pdf, id=17, 502.87875pt x 398.48875pt>
File: density-eps-converted-to.pdf Graphic file (type pdf)

<use density-eps-converted-to.pdf>
Package pdftex.def Info: density-eps-converted-to.pdf used on input line 43.
(pdftex.def)             Requested size: 227.62204pt x 180.3702pt.
Package epstopdf Info: Source file: <pH.eps>
(epstopdf)                    date: 2014-11-10 16:16:37
(epstopdf)                    size: 109180 bytes
(epstopdf)             Output file: <pH-eps-converted-to.pdf>
(epstopdf)                    date: 2014-11-20 17:26:20
(epstopdf)                    size: 52695 bytes
(epstopdf)             Command: <repstopdf --outfile=pH-eps-converted-to.pdf pH
.eps>
(epstopdf)             \includegraphics on input line 44.
Package epstopdf Info: Output file is already uptodate.

<pH-eps-converted-to.pdf, id=18, 498.86375pt x 398.48875pt>
File: pH-eps-converted-to.pdf Graphic file (type pdf)

<use pH-eps-converted-to.pdf>
Package pdftex.def Info: pH-eps-converted-to.pdf used on input line 44.
(pdftex.def)             Requested size: 227.62204pt x 181.82343pt.
Package epstopdf Info: Source file: <sulphates.eps>
(epstopdf)                    date: 2014-11-10 16:16:37
(epstopdf)                    size: 109779 bytes
(epstopdf)             Output file: <sulphates-eps-converted-to.pdf>
(epstopdf)                    date: 2014-11-20 17:26:21
(epstopdf)                    size: 49288 bytes
(epstopdf)             Command: <repstopdf --outfile=sulphates-eps-converted-to
.pdf sulphates.eps>
(epstopdf)             \includegraphics on input line 45.
Package epstopdf Info: Output file is already uptodate.

<sulphates-eps-converted-to.pdf, id=19, 488.82625pt x 398.48875pt>
File: sulphates-eps-converted-to.pdf Graphic file (type pdf)

<use sulphates-eps-converted-to.pdf>
Package pdftex.def Info: sulphates-eps-converted-to.pdf used on input line 45.
(pdftex.def)             Requested size: 227.62204pt x 185.55681pt.
Package epstopdf Info: Source file: <alcohol.eps>
(epstopdf)                    date: 2014-11-10 16:16:37
(epstopdf)                    size: 109837 bytes
(epstopdf)             Output file: <alcohol-eps-converted-to.pdf>
(epstopdf)                    date: 2014-11-20 17:26:22
(epstopdf)                    size: 46856 bytes
(epstopdf)             Command: <repstopdf --outfile=alcohol-eps-converted-to.p
df alcohol.eps>
(epstopdf)             \includegraphics on input line 46.
Package epstopdf Info: Output file is already uptodate.

<alcohol-eps-converted-to.pdf, id=20, 496.85625pt x 398.48875pt>
File: alcohol-eps-converted-to.pdf Graphic file (type pdf)

<use alcohol-eps-converted-to.pdf>
Package pdftex.def Info: alcohol-eps-converted-to.pdf used on input line 46.
(pdftex.def)             Requested size: 227.62204pt x 182.55916pt.


LaTeX Warning: `h' float specifier changed to `ht'.

Package atveryend Info: Empty hook `BeforeClearDocument' on input line 52.
[1

{/var/lib/texmf/fonts/map/pdftex/updmap/pdftex.map} <./firstConfusion.png> <./C
onfusionPostNormalization.png> <./VaryLhidden.png>] [2 <./RECtrain.png> <./Conf
usion_Final.png>] [3 <./fixed_acidity-eps-converted-to.pdf> <./volatile_acidity
-eps-converted-to.pdf> <./citric_acid-eps-converted-to.pdf> <./residual_sugar-e
ps-converted-to.pdf> <./chlorides-eps-converted-to.pdf> <./free_sulfur_dioxide-
eps-converted-to.pdf>] [4 <./total_sulfur_dioxide-eps-converted-to.pdf> <./dens
ity-eps-converted-to.pdf> <./pH-eps-converted-to.pdf> <./sulphates-eps-converte
d-to.pdf> <./alcohol-eps-converted-to.pdf>]
Package atveryend Info: Empty hook `AfterLastShipout' on input line 52.
 (./wineDetails.aux)
Package atveryend Info: Executing hook `AtVeryEndDocument' on input line 52.
Package atveryend Info: Executing hook `AtEndAfterFileList' on input line 52.
Package rerunfilecheck Info: File `wineDetails.out' has not changed.
(rerunfilecheck)             Checksum: D41D8CD98F00B204E9800998ECF8427E;0.


LaTeX Warning: There were multiply-defined labels.

Package atveryend Info: Empty hook `AtVeryVeryEnd' on input line 52.
 ) 
Here is how much of TeX's memory you used:
 6006 strings out of 495059
 86567 string characters out of 3182030
 161700 words of memory out of 3000000
 9123 multiletter control sequences out of 15000+200000
 4545 words of font info for 17 fonts, out of 3000000 for 9000
 14 hyphenation exceptions out of 8191
 36i,6n,26p,335b,325s stack positions out of 5000i,500n,10000p,200000b,50000s
</usr/share/texlive/texmf-dist/fonts/type1/public/amsfonts/cm/cmbx12.pfb></us
r/share/texlive/texmf-dist/fonts/type1/public/amsfonts/cm/cmr10.pfb>
Output written on wineDetails.pdf (4 pages, 752566 bytes).
PDF statistics:
 356 PDF objects out of 1000 (max. 8388607)
 76 compressed objects within 1 object stream
 10 named destinations out of 1000 (max. 500000)
 81 words of extra memory for PDF output out of 10000 (max. 10000000)

